<?xml version="1.0" encoding="UTF-8"?>
<!-- Generated by org.testng.reporters.JUnitReportReporter -->
<testsuite hostname="MUM-45XF833" failures="0" tests="1" name="day1.TwoSumProblem" time="0.005" errors="0" timestamp="2022-04-23T11:08:02 IST" skipped="0">
  <testcase classname="day1.TwoSumProblem" name="example3" time="0.005"/>
  <system-out/>
</testsuite> <!-- day1.TwoSumProblem -->
