<?xml version="1.0" encoding="UTF-8"?>
<!-- Generated by org.testng.reporters.JUnitReportReporter -->
<testsuite hostname="MUM-45XF833" failures="0" tests="1" name="oNotation.DifferentLoopsDifferentVariables" time="0.005" errors="0" timestamp="2022-04-25T12:36:18 IST" skipped="0">
  <testcase classname="oNotation.DifferentLoopsDifferentVariables" name="example1" time="0.005"/>
  <system-out/>
</testsuite> <!-- oNotation.DifferentLoopsDifferentVariables -->
