<?xml version="1.0" encoding="UTF-8"?>
<!-- Generated by org.testng.reporters.JUnitReportReporter -->
<testsuite hostname="MUM-45XF833" failures="0" tests="3" name="day1.SquareNumbers" time="0.008" errors="0" timestamp="2022-04-23T11:32:00 IST" skipped="0">
  <testcase classname="day1.SquareNumbers" name="example1" time="0.007"/>
  <system-out/>
  <testcase classname="day1.SquareNumbers" name="example2" time="0.001"/>
  <system-out/>
  <testcase classname="day1.SquareNumbers" name="example3" time="0.000"/>
  <system-out/>
</testsuite> <!-- day1.SquareNumbers -->
